2025-05-13 19:59:07,598 [INFO] Cargando variables desde c:\Users\Alberto\Desktop\TFG_V2\datos.env.txt
2025-05-13 19:59:07,954 [INFO] Bot de Grupos iniciado
2025-05-17 12:22:03,188 [INFO] Cargando variables desde c:\Users\Alberto\Desktop\TFG_V2\datos.env.txt
2025-05-17 12:22:03,189 [WARNING] TOKEN_GRUPO no encontrado, buscando TOKEN_1 como alternativa
2025-05-17 12:22:03,447 [INFO] Bot de Grupos iniciado
2025-05-17 12:34:33,671 [INFO] Cargando variables desde c:\Users\Alberto\Desktop\TFG_V2\datos.env.txt
2025-05-17 12:34:33,672 [WARNING] TOKEN_GRUPO no encontrado, buscando TOKEN_1 como alternativa
2025-05-17 12:34:33,934 [INFO] Bot de Grupos iniciado
2025-05-17 12:44:52,974 [INFO] Cargando variables desde c:\Users\Alberto\Desktop\TFG_V2\datos.env.txt
2025-05-17 12:44:52,974 [WARNING] TOKEN_GRUPO no encontrado, buscando TOKEN_1 como alternativa
2025-05-17 12:44:53,201 [INFO] Bot de Grupos iniciado
2025-05-17 13:01:34,691 [INFO] Cargando variables desde c:\Users\Alberto\Desktop\TFG_V2\datos.env.txt
2025-05-17 13:01:34,692 [WARNING] TOKEN_GRUPO no encontrado, buscando TOKEN_1 como alternativa
2025-05-17 13:01:34,965 [INFO] Bot de Grupos iniciado
2025-05-17 13:06:06,110 [INFO] Cargando variables desde c:\Users\Alberto\Desktop\TFG_V2\datos.env.txt
2025-05-17 13:06:06,110 [WARNING] TOKEN_GRUPO no encontrado, buscando TOKEN_1 como alternativa
2025-05-17 13:06:06,411 [INFO] Bot de Grupos iniciado
2025-05-17 13:06:47,243 [WARNING] Error con Markdown, reintentando sin formato: A request to the Telegram API was unsuccessful. Error code: 400. Description: Bad Request: can't parse entities: Can't find end of the entity starting at byte offset 151
2025-05-17 13:33:32,261 [INFO] Usuario 6437090930 (Alberto) ha iniciado el bot en chat 6437090930
2025-05-17 13:33:32,508 [INFO] Interfaz de profesor configurada para usuario 6437090930
2025-05-23 08:32:51,508 [INFO] Cargando variables desde c:\Users\Alberto\Desktop\TFG_V2\datos.env.txt
2025-05-23 08:32:51,508 [WARNING] TOKEN_GRUPO no encontrado, buscando TOKEN_1 como alternativa
2025-05-23 08:32:51,757 [INFO] Bot de Grupos iniciado
2025-05-23 08:49:13,457 [INFO] Usuario 226787756 (Gabriel) ha iniciado el bot en chat -1002509488776
2025-05-23 08:49:13,702 [INFO] Interfaz de profesor configurada para usuario 226787756
2025-05-23 11:16:30,677 [ERROR] Error en polling: ('Connection aborted.', ConnectionResetError(10054, 'Se ha forzado la interrupción de una conexión existente por el host remoto', None, 10054, None))
2025-05-24 10:18:56,403 [INFO] Cargando variables desde c:\Users\Alberto\Desktop\TFG_V2\datos.env.txt
2025-05-24 10:18:56,404 [WARNING] TOKEN_GRUPO no encontrado, buscando TOKEN_1 como alternativa
2025-05-24 10:18:56,658 [INFO] Bot de Grupos iniciado
2025-05-24 10:25:59,447 [INFO] Cargando variables desde c:\Users\Alberto\Desktop\TFG_V2\datos.env.txt
2025-05-24 10:25:59,447 [WARNING] TOKEN_GRUPO no encontrado, buscando TOKEN_1 como alternativa
2025-05-24 10:25:59,706 [INFO] Bot de Grupos iniciado
2025-05-24 10:26:29,187 [INFO] Usuario 6437090930 (Alberto) ha iniciado el bot en chat 6437090930
2025-05-24 10:26:29,420 [INFO] Interfaz de profesor configurada para usuario 6437090930
2025-05-24 10:32:30,338 [INFO] Cargando variables desde c:\Users\Alberto\Desktop\TFG_V2\datos.env.txt
2025-05-24 10:32:30,338 [WARNING] TOKEN_GRUPO no encontrado, buscando TOKEN_1 como alternativa
2025-05-24 10:32:30,609 [INFO] Bot de Grupos iniciado
2025-05-24 10:32:55,910 [INFO] Usuario 6437090930 (Alberto) ha iniciado el bot en chat -4890251705
2025-05-24 10:32:56,093 [INFO] Interfaz de profesor configurada para usuario 6437090930
2025-05-24 10:41:44,615 [INFO] Cargando variables desde c:\Users\Alberto\Desktop\TFG_V2\datos.env.txt
2025-05-24 10:41:44,615 [WARNING] TOKEN_GRUPO no encontrado, buscando TOKEN_1 como alternativa
2025-05-24 10:41:45,184 [INFO] Bot de Grupos iniciado
2025-05-24 10:43:30,550 [INFO] Cargando variables desde c:\Users\Alberto\Desktop\TFG_V2\datos.env.txt
2025-05-24 10:43:30,550 [WARNING] TOKEN_GRUPO no encontrado, buscando TOKEN_1 como alternativa
2025-05-24 10:43:30,892 [INFO] Bot de Grupos iniciado
2025-05-24 10:47:53,661 [ERROR] Error en configurar_grupo_comando: no such table: profesor_asignatura
2025-05-24 10:54:30,001 [INFO] Cargando variables desde c:\Users\Alberto\Desktop\TFG_V2\datos.env.txt
2025-05-24 10:54:30,001 [WARNING] TOKEN_GRUPO no encontrado, buscando TOKEN_1 como alternativa
2025-05-24 10:54:30,309 [INFO] Bot de Grupos iniciado
2025-05-24 11:01:04,283 [INFO] Cargando variables desde c:\Users\Alberto\Desktop\TFG_V2\datos.env.txt
2025-05-24 11:01:04,283 [WARNING] TOKEN_GRUPO no encontrado, buscando TOKEN_1 como alternativa
2025-05-24 11:01:04,653 [INFO] Bot de Grupos iniciado
2025-05-24 11:01:25,456 [INFO] Mensaje de ayuda enviado a -4688012722
2025-05-24 11:01:30,079 [INFO] Usuario 6437090930 (Alberto) ha iniciado el bot en chat -4688012722
2025-05-24 11:01:30,270 [INFO] Interfaz de profesor configurada para usuario 6437090930
2025-05-24 11:04:09,170 [INFO] Cargando variables desde c:\Users\Alberto\Desktop\TFG_V2\datos.env.txt
2025-05-24 11:04:09,170 [WARNING] TOKEN_GRUPO no encontrado, buscando TOKEN_1 como alternativa
2025-05-24 11:04:09,658 [INFO] Bot de Grupos iniciado
2025-05-24 11:04:12,401 [INFO] Cargando variables desde c:\Users\Alberto\Desktop\TFG_V2\datos.env.txt
2025-05-24 11:04:12,402 [WARNING] TOKEN_GRUPO no encontrado, buscando TOKEN_1 como alternativa
2025-05-24 11:04:12,705 [INFO] Bot de Grupos iniciado
2025-05-24 11:04:14,385 [INFO] Cargando variables desde c:\Users\Alberto\Desktop\TFG_V2\datos.env.txt
2025-05-24 11:04:14,386 [WARNING] TOKEN_GRUPO no encontrado, buscando TOKEN_1 como alternativa
2025-05-24 11:04:14,720 [INFO] Bot de Grupos iniciado
2025-05-24 11:04:16,843 [INFO] Cargando variables desde c:\Users\Alberto\Desktop\TFG_V2\datos.env.txt
2025-05-24 11:04:16,843 [WARNING] TOKEN_GRUPO no encontrado, buscando TOKEN_1 como alternativa
2025-05-24 11:04:17,141 [INFO] Bot de Grupos iniciado
2025-05-24 11:04:25,155 [INFO] Cargando variables desde c:\Users\Alberto\Desktop\TFG_V2\datos.env.txt
2025-05-24 11:04:25,156 [WARNING] TOKEN_GRUPO no encontrado, buscando TOKEN_1 como alternativa
2025-05-24 11:04:25,503 [INFO] Bot de Grupos iniciado
2025-05-24 11:04:33,281 [INFO] Cargando variables desde c:\Users\Alberto\Desktop\TFG_V2\datos.env.txt
2025-05-24 11:04:33,281 [WARNING] TOKEN_GRUPO no encontrado, buscando TOKEN_1 como alternativa
2025-05-24 11:04:33,586 [INFO] Bot de Grupos iniciado
2025-05-24 11:05:44,283 [INFO] Cargando variables desde c:\Users\Alberto\Desktop\TFG_V2\datos.env.txt
2025-05-24 11:05:44,283 [WARNING] TOKEN_GRUPO no encontrado, buscando TOKEN_1 como alternativa
2025-05-24 11:05:44,575 [INFO] Bot de Grupos iniciado
2025-05-25 00:01:35,172 [INFO] Cargando variables desde c:\Users\Alberto\Desktop\TFG_V2\datos.env.txt
2025-05-25 00:01:35,173 [WARNING] TOKEN_GRUPO no encontrado, buscando TOKEN_1 como alternativa
2025-05-25 00:01:35,442 [INFO] Bot de Grupos iniciado
2025-05-25 00:06:29,858 [INFO] Cargando variables desde c:\Users\Alberto\Desktop\TFG_V2\datos.env.txt
2025-05-25 00:06:29,858 [WARNING] TOKEN_GRUPO no encontrado, buscando TOKEN_1 como alternativa
2025-05-25 00:06:30,166 [INFO] Bot de Grupos iniciado
2025-05-25 00:07:31,640 [ERROR] Error en handle_config_grupo: table Grupos_tutoria has no column named Enlace
2025-05-25 00:25:21,818 [INFO] Cargando variables desde c:\Users\Alberto\Desktop\TFG_V2\datos.env.txt
2025-05-25 00:25:21,818 [WARNING] TOKEN_GRUPO no encontrado, buscando TOKEN_1 como alternativa
2025-05-25 00:25:22,298 [INFO] Bot de Grupos iniciado
2025-05-25 00:28:43,220 [ERROR] Error en handle_config_grupo: UNIQUE constraint failed: Grupos_tutoria.Chat_id
2025-05-25 01:08:02,944 [INFO] Cargando variables desde c:\Users\Alberto\Desktop\TFG_V2\datos.env.txt
2025-05-25 01:08:02,944 [WARNING] TOKEN_GRUPO no encontrado, buscando TOKEN_1 como alternativa
2025-05-25 01:08:03,425 [INFO] Bot de Grupos iniciado
2025-05-25 01:16:54,229 [INFO] Cargando variables desde c:\Users\Alberto\Desktop\TFG_V2\datos.env.txt
2025-05-25 01:16:54,230 [WARNING] TOKEN_GRUPO no encontrado, buscando TOKEN_1 como alternativa
2025-05-25 01:16:54,746 [INFO] Bot de Grupos iniciado
2025-05-25 01:17:38,499 [ERROR] Error en polling: no such table: Profesores_Asignaturas
2025-05-25 01:21:43,969 [INFO] Cargando variables desde c:\Users\Alberto\Desktop\TFG_V2\datos.env.txt
2025-05-25 01:21:43,970 [WARNING] TOKEN_GRUPO no encontrado, buscando TOKEN_1 como alternativa
2025-05-25 01:21:44,395 [INFO] Bot de Grupos iniciado
2025-05-25 01:22:29,475 [ERROR] Error configurando grupo -1002658035072: no such column: ID
2025-05-25 01:27:35,517 [INFO] Cargando variables desde c:\Users\Alberto\Desktop\TFG_V2\datos.env.txt
2025-05-25 01:27:35,518 [WARNING] TOKEN_GRUPO no encontrado, buscando TOKEN_1 como alternativa
2025-05-25 01:27:35,918 [INFO] Bot de Grupos iniciado
2025-05-25 01:28:25,313 [ERROR] Error configurando grupo -1002639067285: no such column: ID
2025-05-25 01:37:46,059 [INFO] Cargando variables desde c:\Users\Alberto\Desktop\TFG_V2\datos.env.txt
2025-05-25 01:37:46,060 [WARNING] TOKEN_GRUPO no encontrado, buscando TOKEN_1 como alternativa
2025-05-25 01:37:46,502 [INFO] Bot de Grupos iniciado
2025-05-25 01:38:28,501 [ERROR] Error configurando grupo -1002596459552: no such column: ID
2025-05-25 17:13:33,658 [INFO] Cargando variables desde c:\Users\Alberto\Desktop\TFG_V2\datos.env.txt
2025-05-25 17:13:33,658 [WARNING] TOKEN_GRUPO no encontrado, buscando TOKEN_1 como alternativa
2025-05-25 17:13:33,922 [INFO] Bot de Grupos iniciado
2025-05-25 17:14:11,461 [ERROR] Error configurando grupo -1002620916679: no such column: ID
2025-05-25 17:21:47,963 [INFO] Cargando variables desde c:\Users\Alberto\Desktop\TFG_V2\datos.env.txt
2025-05-25 17:21:47,963 [WARNING] TOKEN_GRUPO no encontrado, buscando TOKEN_1 como alternativa
2025-05-25 17:21:48,241 [INFO] Bot de Grupos iniciado
2025-05-25 17:23:13,746 [ERROR] Error configurando grupo -1002513674302: table Grupos_tutoria has no column named ID_Profesor
2025-05-25 17:29:52,373 [INFO] Cargando variables desde c:\Users\Alberto\Desktop\TFG_V2\datos.env.txt
2025-05-25 17:29:52,373 [WARNING] TOKEN_GRUPO no encontrado, buscando TOKEN_1 como alternativa
2025-05-25 17:29:52,662 [INFO] Bot de Grupos iniciado
2025-05-25 17:30:22,828 [ERROR] Error configurando grupo -1002677459841: table Grupos_tutoria has no column named ID_Profesor
2025-05-25 17:35:01,501 [INFO] Cargando variables desde c:\Users\Alberto\Desktop\TFG_V2\datos.env.txt
2025-05-25 17:35:01,502 [WARNING] TOKEN_GRUPO no encontrado, buscando TOKEN_1 como alternativa
2025-05-25 17:35:01,834 [INFO] Bot de Grupos iniciado
2025-05-25 17:37:21,024 [ERROR] Error configurando grupo -1002644089595: table Grupos_tutoria has no column named ID_Profesor
2025-05-25 17:42:11,334 [INFO] Cargando variables desde c:\Users\Alberto\Desktop\TFG_V2\datos.env.txt
2025-05-25 17:42:11,334 [WARNING] TOKEN_GRUPO no encontrado, buscando TOKEN_1 como alternativa
2025-05-25 17:42:11,696 [INFO] Bot de Grupos iniciado
2025-05-25 17:42:42,270 [ERROR] Error configurando grupo -1002198005561: table Grupos_tutoria has no column named ID_Profesor
2025-05-25 17:44:52,826 [INFO] Cargando variables desde c:\Users\Alberto\Desktop\TFG_V2\datos.env.txt
2025-05-25 17:44:52,826 [WARNING] TOKEN_GRUPO no encontrado, buscando TOKEN_1 como alternativa
2025-05-25 17:44:53,155 [INFO] Bot de Grupos iniciado
2025-05-25 17:56:26,781 [INFO] Cargando variables desde c:\Users\Alberto\Desktop\TFG_V2\datos.env.txt
2025-05-25 17:56:26,781 [WARNING] TOKEN_GRUPO no encontrado, buscando TOKEN_1 como alternativa
2025-05-25 17:56:27,073 [INFO] Bot de Grupos iniciado
2025-05-25 19:15:12,175 [INFO] Cargando variables desde c:\Users\Alberto\Desktop\TFG_V2\datos.env.txt
2025-05-25 19:15:12,176 [WARNING] TOKEN_GRUPO no encontrado, buscando TOKEN_1 como alternativa
2025-05-25 19:15:12,602 [INFO] Bot de Grupos iniciado
2025-05-25 19:20:11,091 [INFO] Cargando variables desde c:\Users\Alberto\Desktop\TFG_V2\datos.env.txt
2025-05-25 19:20:11,092 [WARNING] TOKEN_GRUPO no encontrado, buscando TOKEN_1 como alternativa
2025-05-25 19:20:13,013 [INFO] Bot de Grupos iniciado
2025-05-25 19:27:05,953 [INFO] Cargando variables desde c:\Users\Alberto\Desktop\TFG_V2\datos.env.txt
2025-05-25 19:27:05,953 [WARNING] TOKEN_GRUPO no encontrado, buscando TOKEN_1 como alternativa
2025-05-25 19:27:06,425 [INFO] Bot de Grupos iniciado
2025-05-25 19:27:13,132 [ERROR] Error en la selección de asignatura -1002562694396: CHECK constraint failed: Tipo_sala IN ('privada', 'pública')
2025-05-25 19:32:11,365 [INFO] Cargando variables desde c:\Users\Alberto\Desktop\TFG_V2\datos.env.txt
2025-05-25 19:32:11,366 [WARNING] TOKEN_GRUPO no encontrado, buscando TOKEN_1 como alternativa
2025-05-25 19:32:11,729 [INFO] Bot de Grupos iniciado
2025-05-25 23:02:29,320 [ERROR] Error en polling: HTTPSConnectionPool(host='api.telegram.org', port=443): Read timed out. (read timeout=60)
2025-05-26 10:51:58,542 [INFO] Cargando variables desde c:\Users\Alberto\Desktop\TFG_V2\datos.env.txt
2025-05-26 10:51:58,543 [WARNING] TOKEN_GRUPO no encontrado, buscando TOKEN_1 como alternativa
2025-05-26 10:51:58,921 [INFO] Bot de Grupos iniciado
2025-05-26 12:17:59,129 [INFO] Cargando variables desde c:\Users\Alberto\Desktop\TFG_V2\datos.env.txt
2025-05-26 12:17:59,129 [WARNING] TOKEN_GRUPO no encontrado, buscando TOKEN_1 como alternativa
2025-05-26 12:17:59,533 [INFO] Bot de Grupos iniciado
2025-05-27 11:44:25,212 [INFO] Cargando variables desde c:\Users\Alberto\Desktop\TFG_V2\datos.env.txt
2025-05-27 11:44:25,212 [WARNING] TOKEN_GRUPO no encontrado, buscando TOKEN_1 como alternativa
2025-05-27 11:44:25,476 [INFO] Bot de Grupos iniciado
2025-05-27 12:03:04,263 [INFO] Cargando variables desde c:\Users\Alberto\Desktop\TFG_V2\datos.env.txt
2025-05-27 12:03:04,263 [WARNING] TOKEN_GRUPO no encontrado, buscando TOKEN_1 como alternativa
2025-05-27 12:03:04,512 [INFO] Bot de Grupos iniciado
2025-05-27 12:06:26,381 [INFO] Cargando variables desde c:\Users\Alberto\Desktop\TFG_V2\datos.env.txt
2025-05-27 12:06:26,381 [WARNING] TOKEN_GRUPO no encontrado, buscando TOKEN_1 como alternativa
2025-05-27 12:06:26,801 [INFO] Bot de Grupos iniciado
2025-05-27 12:07:05,671 [ERROR] Error en la selección de asignatura -1002333627224: CHECK constraint failed: Tipo_sala IN ('privada', 'pública')
2025-05-27 12:09:16,102 [INFO] Cargando variables desde c:\Users\Alberto\Desktop\TFG_V2\datos.env.txt
2025-05-27 12:09:16,103 [WARNING] TOKEN_GRUPO no encontrado, buscando TOKEN_1 como alternativa
2025-05-27 12:09:16,472 [INFO] Bot de Grupos iniciado
2025-05-27 12:12:49,792 [INFO] Cargando variables desde c:\Users\Alberto\Desktop\TFG_V2\datos.env.txt
2025-05-27 12:12:49,793 [WARNING] TOKEN_GRUPO no encontrado, buscando TOKEN_1 como alternativa
2025-05-27 12:12:50,073 [INFO] Bot de Grupos iniciado
2025-05-27 12:13:15,009 [ERROR] Error en la selección de asignatura -1002674577362: CHECK constraint failed: Tipo_sala IN ('privada', 'pública')
2025-05-27 12:18:48,747 [INFO] Cargando variables desde c:\Users\Alberto\Desktop\TFG_V2\datos.env.txt
2025-05-27 12:18:48,748 [WARNING] TOKEN_GRUPO no encontrado, buscando TOKEN_1 como alternativa
2025-05-27 12:18:49,079 [INFO] Bot de Grupos iniciado
2025-05-27 12:36:50,639 [INFO] Cargando variables desde c:\Users\Alberto\Desktop\TFG_V2\datos.env.txt
2025-05-27 12:36:50,640 [WARNING] TOKEN_GRUPO no encontrado, buscando TOKEN_1 como alternativa
2025-05-27 12:36:50,928 [INFO] Bot de Grupos iniciado
2025-05-27 12:40:27,901 [INFO] Cargando variables desde c:\Users\Alberto\Desktop\TFG_V2\datos.env.txt
2025-05-27 12:40:27,901 [WARNING] TOKEN_GRUPO no encontrado, buscando TOKEN_1 como alternativa
2025-05-27 12:40:28,175 [INFO] Bot de Grupos iniciado
2025-05-27 12:50:47,579 [INFO] Cargando variables desde c:\Users\Alberto\Desktop\TFG_V2\datos.env.txt
2025-05-27 12:50:47,579 [WARNING] TOKEN_GRUPO no encontrado, buscando TOKEN_1 como alternativa
2025-05-27 12:50:47,859 [INFO] Bot de Grupos iniciado
2025-05-27 12:56:18,083 [INFO] Cargando variables desde c:\Users\Alberto\Desktop\TFG_V2\datos.env.txt
2025-05-27 12:56:18,084 [WARNING] TOKEN_GRUPO no encontrado, buscando TOKEN_1 como alternativa
2025-05-27 12:56:18,412 [INFO] Bot de Grupos iniciado
2025-05-27 12:56:44,053 [ERROR] Error en polling: 'sqlite3.Row' object has no attribute 'get'
2025-05-27 12:57:49,049 [INFO] Cargando variables desde c:\Users\Alberto\Desktop\TFG_V2\datos.env.txt
2025-05-27 12:57:49,050 [WARNING] TOKEN_GRUPO no encontrado, buscando TOKEN_1 como alternativa
2025-05-27 12:57:49,349 [INFO] Bot de Grupos iniciado
2025-05-27 13:29:37,674 [ERROR] Error en polling: ('Connection aborted.', ConnectionResetError(10054, 'Se ha forzado la interrupción de una conexión existente por el host remoto', None, 10054, None))
2025-05-27 13:29:50,477 [ERROR] Error en polling: ('Connection aborted.', ConnectionResetError(10054, 'Se ha forzado la interrupción de una conexión existente por el host remoto', None, 10054, None))
2025-05-27 13:47:53,570 [INFO] Cargando variables desde c:\Users\Alberto\Desktop\TFG_V2\datos.env.txt
2025-05-27 13:47:53,570 [WARNING] TOKEN_GRUPO no encontrado, buscando TOKEN_1 como alternativa
2025-05-27 13:47:53,915 [INFO] Bot de Grupos iniciado
2025-05-27 14:30:58,729 [ERROR] Error en polling: HTTPSConnectionPool(host='api.telegram.org', port=443): Read timed out. (read timeout=60)
2025-05-27 14:51:24,506 [ERROR] Error en polling: HTTPSConnectionPool(host='api.telegram.org', port=443): Max retries exceeded with url: /bot8181887445:AAEyz41t9PKxHOP3taANs2n-UwANvNZ7sTA/getUpdates?offset=208821582&timeout=20 (Caused by NameResolutionError("<urllib3.connection.HTTPSConnection object at 0x00000130FC1BCE10>: Failed to resolve 'api.telegram.org' ([Errno 11001] getaddrinfo failed)"))
2025-05-27 14:51:45,599 [ERROR] Error en polling: HTTPSConnectionPool(host='api.telegram.org', port=443): Max retries exceeded with url: /bot8181887445:AAEyz41t9PKxHOP3taANs2n-UwANvNZ7sTA/getUpdates?offset=208821582&timeout=20 (Caused by NameResolutionError("<urllib3.connection.HTTPSConnection object at 0x00000130FC1BD6D0>: Failed to resolve 'api.telegram.org' ([Errno 11001] getaddrinfo failed)"))
2025-05-27 16:31:28,263 [ERROR] Error en polling: HTTPSConnectionPool(host='api.telegram.org', port=443): Read timed out. (read timeout=60)
2025-05-27 19:29:20,786 [ERROR] Error en polling: HTTPSConnectionPool(host='api.telegram.org', port=443): Read timed out. (read timeout=60)
2025-05-27 23:08:37,337 [ERROR] Error en polling: HTTPSConnectionPool(host='api.telegram.org', port=443): Read timed out. (read timeout=60)
2025-06-03 16:31:34,410 [INFO] Cargando variables desde c:\Users\Alberto\Desktop\TFG_V2\datos.env.txt
2025-06-03 16:31:34,410 [WARNING] TOKEN_GRUPO no encontrado, buscando TOKEN_1 como alternativa
2025-06-03 16:31:34,828 [INFO] Bot de Grupos iniciado
2025-06-03 17:46:38,711 [ERROR] Error en polling: HTTPSConnectionPool(host='api.telegram.org', port=443): Read timed out. (read timeout=60)
2025-06-03 19:01:34,443 [ERROR] Error en polling: HTTPSConnectionPool(host='api.telegram.org', port=443): Read timed out. (read timeout=60)
2025-06-03 19:12:34,811 [ERROR] Error en polling: ('Connection aborted.', ConnectionResetError(10054, 'Se ha forzado la interrupción de una conexión existente por el host remoto', None, 10054, None))
2025-06-03 19:28:49,450 [ERROR] Error en polling: HTTPSConnectionPool(host='api.telegram.org', port=443): Read timed out. (read timeout=60)
2025-06-03 19:44:43,901 [ERROR] Error en polling: HTTPSConnectionPool(host='api.telegram.org', port=443): Read timed out. (read timeout=60)
2025-06-03 20:11:03,443 [ERROR] Error en polling: HTTPSConnectionPool(host='api.telegram.org', port=443): Read timed out. (read timeout=60)
2025-06-03 20:24:40,349 [ERROR] Error en polling: HTTPSConnectionPool(host='api.telegram.org', port=443): Read timed out. (read timeout=60)
2025-06-04 09:41:19,108 [INFO] Cargando variables desde c:\Users\Alberto\Desktop\TFG_V2\datos.env.txt
2025-06-04 09:41:19,108 [WARNING] TOKEN_GRUPO no encontrado, buscando TOKEN_1 como alternativa
2025-06-04 09:41:19,469 [INFO] Bot de Grupos iniciado
2025-06-04 09:56:28,595 [INFO] Cargando variables desde c:\Users\Alberto\Desktop\TFG_V2\datos.env.txt
2025-06-04 09:56:28,595 [WARNING] TOKEN_GRUPO no encontrado, buscando TOKEN_1 como alternativa
2025-06-04 09:56:28,965 [INFO] Bot de Grupos iniciado
2025-06-04 10:00:53,824 [INFO] Cargando variables desde c:\Users\Alberto\Desktop\TFG_V2\datos.env.txt
2025-06-04 10:00:53,824 [WARNING] TOKEN_GRUPO no encontrado, buscando TOKEN_1 como alternativa
2025-06-04 10:00:54,107 [INFO] Bot de Grupos iniciado
2025-06-04 10:03:57,918 [INFO] Cargando variables desde c:\Users\Alberto\Desktop\TFG_V2\datos.env.txt
2025-06-04 10:03:57,918 [WARNING] TOKEN_GRUPO no encontrado, buscando TOKEN_1 como alternativa
2025-06-04 10:03:58,451 [INFO] Bot de Grupos iniciado
2025-06-04 10:11:41,045 [INFO] Cargando variables desde c:\Users\Alberto\Desktop\TFG_V2\datos.env.txt
2025-06-04 10:11:41,045 [WARNING] TOKEN_GRUPO no encontrado, buscando TOKEN_1 como alternativa
2025-06-04 10:11:41,303 [INFO] Bot de Grupos iniciado
2025-06-04 10:12:32,860 [INFO] Usuario 8094743206 (clara ) ha iniciado el bot en chat -1002626583678
2025-06-04 10:12:32,998 [INFO] Interfaz de estudiante configurada para usuario 8094743206
2025-06-04 10:22:56,759 [INFO] Cargando variables desde c:\Users\Alberto\Desktop\TFG_V2\datos.env.txt
2025-06-04 10:22:56,759 [WARNING] TOKEN_GRUPO no encontrado, buscando TOKEN_1 como alternativa
2025-06-04 10:22:57,023 [INFO] Bot de Grupos iniciado
2025-06-04 10:26:20,489 [INFO] Cargando variables desde c:\Users\Alberto\Desktop\TFG_V2\datos.env.txt
2025-06-04 10:26:20,489 [WARNING] TOKEN_GRUPO no encontrado, buscando TOKEN_1 como alternativa
2025-06-04 10:26:20,808 [INFO] Bot de Grupos iniciado
2025-06-04 10:26:26,605 [INFO] Cargando variables desde c:\Users\Alberto\Desktop\TFG_V2\datos.env.txt
2025-06-04 10:26:26,605 [WARNING] TOKEN_GRUPO no encontrado, buscando TOKEN_1 como alternativa
2025-06-04 10:26:26,850 [INFO] Bot de Grupos iniciado
2025-06-04 10:28:26,350 [INFO] Cargando variables desde c:\Users\Alberto\Desktop\TFG_V2\datos.env.txt
2025-06-04 10:28:26,350 [WARNING] TOKEN_GRUPO no encontrado, buscando TOKEN_1 como alternativa
2025-06-04 10:28:26,733 [INFO] Bot de Grupos iniciado
2025-06-04 10:31:17,380 [INFO] Cargando variables desde c:\Users\Alberto\Desktop\TFG_V2\datos.env.txt
2025-06-04 10:31:17,381 [WARNING] TOKEN_GRUPO no encontrado, buscando TOKEN_1 como alternativa
2025-06-04 10:31:17,673 [INFO] Bot de Grupos iniciado
2025-06-04 10:42:16,597 [INFO] Cargando variables desde c:\Users\Alberto\Desktop\TFG_V2\datos.env.txt
2025-06-04 10:42:16,598 [WARNING] TOKEN_GRUPO no encontrado, buscando TOKEN_1 como alternativa
2025-06-04 10:42:16,892 [INFO] Bot de Grupos iniciado
2025-06-04 10:46:04,615 [INFO] Cargando variables desde c:\Users\Alberto\Desktop\TFG_V2\datos.env.txt
2025-06-04 10:46:04,616 [WARNING] TOKEN_GRUPO no encontrado, buscando TOKEN_1 como alternativa
2025-06-04 10:46:04,974 [INFO] Bot de Grupos iniciado
2025-06-04 10:46:10,998 [INFO] Cargando variables desde c:\Users\Alberto\Desktop\TFG_V2\datos.env.txt
2025-06-04 10:46:10,999 [WARNING] TOKEN_GRUPO no encontrado, buscando TOKEN_1 como alternativa
2025-06-04 10:46:11,250 [INFO] Bot de Grupos iniciado
2025-06-04 11:24:46,501 [INFO] Cargando variables desde c:\Users\Alberto\Desktop\TFG_V2\datos.env.txt
2025-06-04 11:24:46,501 [WARNING] TOKEN_GRUPO no encontrado, buscando TOKEN_1 como alternativa
2025-06-04 11:24:46,814 [INFO] Bot de Grupos iniciado
2025-06-04 11:25:03,444 [ERROR] Error en polling: no such column: a.id
2025-06-04 11:25:20,777 [INFO] Usuario 8094743206 (clara ) ha iniciado el bot en chat -1002665574112
2025-06-04 11:25:20,918 [INFO] Interfaz de estudiante configurada para usuario 8094743206
2025-06-04 11:26:22,647 [ERROR] Error en polling: no such column: a.id
2025-06-04 11:26:26,949 [INFO] Usuario 8094743206 (clara ) ha iniciado el bot en chat -1002626583678
2025-06-04 11:26:27,105 [INFO] Interfaz de estudiante configurada para usuario 8094743206
2025-06-04 11:44:40,848 [INFO] Cargando variables desde c:\Users\Alberto\Desktop\TFG_V2\datos.env.txt
2025-06-04 11:44:40,848 [WARNING] TOKEN_GRUPO no encontrado, buscando TOKEN_1 como alternativa
2025-06-04 11:44:41,229 [INFO] Bot de Grupos iniciado
2025-06-04 12:06:38,143 [INFO] Cargando variables desde c:\Users\Alberto\Desktop\TFG_V2\datos.env.txt
2025-06-04 12:06:38,144 [WARNING] TOKEN_GRUPO no encontrado, buscando TOKEN_1 como alternativa
2025-06-04 12:06:38,405 [INFO] Bot de Grupos iniciado
2025-06-04 12:06:42,601 [INFO] Cargando variables desde c:\Users\Alberto\Desktop\TFG_V2\datos.env.txt
2025-06-04 12:06:42,601 [WARNING] TOKEN_GRUPO no encontrado, buscando TOKEN_1 como alternativa
2025-06-04 12:06:42,850 [INFO] Bot de Grupos iniciado
2025-06-04 12:07:38,072 [INFO] Usuario 8094743206 (clara ) ha iniciado el bot en chat -1002669384579
2025-06-04 12:07:38,364 [INFO] Interfaz de estudiante configurada para usuario 8094743206
2025-06-04 12:16:12,341 [INFO] Cargando variables desde c:\Users\Alberto\Desktop\TFG_V2\datos.env.txt
2025-06-04 12:16:12,342 [WARNING] TOKEN_GRUPO no encontrado, buscando TOKEN_1 como alternativa
2025-06-04 12:16:12,646 [INFO] Bot de Grupos iniciado
2025-06-04 12:20:56,574 [INFO] Cargando variables desde c:\Users\Alberto\Desktop\TFG_V2\datos.env.txt
2025-06-04 12:20:56,574 [WARNING] TOKEN_GRUPO no encontrado, buscando TOKEN_1 como alternativa
2025-06-04 12:20:56,882 [INFO] Bot de Grupos iniciado
2025-06-04 12:25:17,976 [INFO] Cargando variables desde c:\Users\Alberto\Desktop\TFG_V2\datos.env.txt
2025-06-04 12:25:17,976 [WARNING] TOKEN_GRUPO no encontrado, buscando TOKEN_1 como alternativa
2025-06-04 12:25:18,261 [INFO] Bot de Grupos iniciado
2025-06-04 12:30:27,164 [INFO] Cargando variables desde c:\Users\Alberto\Desktop\TFG_V2\datos.env.txt
2025-06-04 12:30:27,164 [WARNING] TOKEN_GRUPO no encontrado, buscando TOKEN_1 como alternativa
2025-06-04 12:30:27,470 [INFO] Bot de Grupos iniciado
2025-06-04 13:12:51,867 [INFO] Cargando variables desde c:\Users\Alberto\Desktop\TFG_V2\datos.env.txt
2025-06-04 13:12:51,867 [WARNING] TOKEN_GRUPO no encontrado, buscando TOKEN_1 como alternativa
2025-06-04 13:12:52,181 [INFO] Bot de Grupos iniciado
2025-06-04 13:20:05,750 [INFO] Cargando variables desde c:\Users\Alberto\Desktop\TFG_V2\datos.env.txt
2025-06-04 13:20:05,750 [WARNING] TOKEN_GRUPO no encontrado, buscando TOKEN_1 como alternativa
2025-06-04 13:20:06,035 [INFO] Bot de Grupos iniciado
