2025-05-13 18:30:40,234 [INFO] TOKEN DE VERIFICACIÓN para alb172@correo.ugr.es: 157853
2025-05-13 18:37:15,463 [INFO] TOKEN DE VERIFICACIÓN enviado a alb172@correo.ugr.es: 777722
2025-05-13 19:04:00,095 [INFO] TOKEN DE VERIFICACIÓN enviado a alb172@correo.ugr.es: 468760
2025-05-13 19:04:27,360 [ERROR] Error al registrar usuario desde Excel: 6437090930
2025-05-13 20:05:59,167 [INFO] TOKEN DE VERIFICACIÓN enviado a alb172@correo.ugr.es: 354367
2025-05-13 20:06:14,679 [ERROR] Error al registrar usuario desde Excel: no such table: Carreras
2025-05-14 10:38:54,185 [INFO] TOKEN DE VERIFICACIÓN enviado a alb172@correo.ugr.es: 549736
2025-05-14 10:54:03,562 [INFO] TOKEN DE VERIFICACIÓN enviado a alb172@correo.ugr.es: 848984
2025-05-14 10:59:49,104 [INFO] TOKEN DE VERIFICACIÓN enviado a alb172@correo.ugr.es: 372550
2025-05-14 11:02:41,003 [INFO] TOKEN DE VERIFICACIÓN enviado a alb172@correo.ugr.es: 742090
2025-05-14 12:25:01,880 [INFO] TOKEN DE VERIFICACIÓN enviado a alb172@correo.ugr.es: 515987
2025-05-14 12:54:40,363 [INFO] TOKEN DE VERIFICACIÓN enviado a alb172@correo.ugr.es: 245653
2025-05-14 13:07:45,384 [INFO] TOKEN DE VERIFICACIÓN enviado a lb1722@correo.ugr.es: 689426
2025-05-14 13:08:09,098 [INFO] TOKEN DE VERIFICACIÓN enviado a alb172@correo.ugr.es: 355299
2025-05-15 11:17:19,306 [INFO] TOKEN DE VERIFICACIÓN enviado a alb1722@correo.ugr.es: 676916
2025-05-15 11:17:57,308 [INFO] TOKEN DE VERIFICACIÓN enviado a alb172@correo.ugr.es: 250050
2025-05-15 13:12:20,370 [INFO] TOKEN DE VERIFICACIÓN enviado a alb172@correo.ugr.es: 367734
2025-05-15 13:38:19,774 [INFO] TOKEN DE VERIFICACIÓN enviado a alb172@correo.ugr.es: 554343
2025-05-15 17:54:42,705 [INFO] TOKEN DE VERIFICACIÓN enviado a alb172@correo.ugr.es: 957426
2025-05-15 17:58:27,787 [INFO] TOKEN DE VERIFICACIÓN enviado a alb172@correo.ugr.es: 191293
2025-05-15 17:58:32,921 [INFO] Usuario alb172@correo.ugr.es verificado correctamente. TelegramID actualizado.
2025-05-15 19:38:20,646 [INFO] TOKEN DE VERIFICACIÓN enviado a alb172@correo.ugr.es: 645133
2025-05-15 19:38:25,463 [INFO] Usuario alb172@correo.ugr.es verificado correctamente. TelegramID actualizado.
2025-05-15 19:52:15,027 [INFO] TOKEN DE VERIFICACIÓN enviado a alb172@correo.ugr.es: 102827
2025-05-15 19:52:19,680 [ERROR] No se encontró el email alb172@correo.ugr.es en la base de datos
2025-05-15 20:02:59,615 [INFO] TOKEN DE VERIFICACIÓN enviado a alb172@correo.ugr.es: 165260
2025-05-15 20:03:06,108 [INFO] Usuario alb172@correo.ugr.es verificado correctamente. TelegramID actualizado.
2025-05-16 10:24:18,007 [INFO] TOKEN DE VERIFICACIÓN enviado a alb172@correo.ugr.es: 626488
2025-05-16 10:24:26,512 [INFO] Usuario alb172@correo.ugr.es verificado correctamente. TelegramID actualizado.
2025-05-16 10:42:32,444 [INFO] TOKEN DE VERIFICACIÓN enviado a alb172@correo.ugr.es: 965747
2025-05-16 10:42:38,135 [INFO] Usuario alb172@correo.ugr.es verificado correctamente. TelegramID actualizado.
